<?xml version="1.0" encoding="UTF-8"?>
<testng-results skipped="0" failed="0" ignored="0" total="1" passed="1">
  <reporter-output>
  </reporter-output>
  <suite name="Suite" duration-ms="75316" started-at="2019-08-27T10:14:34Z" finished-at="2019-08-27T10:15:49Z">
    <groups>
    </groups>
    <test name="Test" duration-ms="75316" started-at="2019-08-27T10:14:34Z" finished-at="2019-08-27T10:15:49Z">
      <class name="demo.Demo1">
        <test-method status="PASS" signature="run()[pri:0, instance:demo.Demo1@21bcffb5]" name="run" duration-ms="75094" started-at="2019-08-27T10:14:34Z" finished-at="2019-08-27T10:15:49Z">
          <reporter-output>
          </reporter-output>
        </test-method> <!-- run -->
      </class> <!-- demo.Demo1 -->
    </test> <!-- Test -->
  </suite> <!-- Suite -->
</testng-results>
